<?xml version="1.0" encoding="UTF-8"?>
<!-- Generated by org.testng.reporters.JUnitXMLReporter -->
<testsuite ignored="0" hostname="Umalucky" failures="0" tests="3" name="regression" time="239.184" errors="0" timestamp="2020-06-16T22:33:22 EDT">
  <testcase classname="com.ibibo.testscripts.hotelsscripts" name="Tc_01_searchhotel" time="85.369"/>
  <testcase classname="com.ibibo.testscripts.hotelsscripts" name="Tc_03_searchhotel" time="66.771"/>
  <testcase classname="com.ibibo.testscripts.hotelsscripts" name="Tc_04_searchhotel" time="37.86"/>
</testsuite> <!-- regression -->
